2025-03-04 14:10:08,681 [INFO] Activator:176 - 


2025-03-04 14:10:08,688 [INFO] Activator:177 - !SESSION log4j initialized
2025-03-04 14:10:19,554 [INFO] LogOutputStream:77 - [STDOUT_REDIRECT] 
2025-03-04 14:10:21,747 [INFO] ApplicationProperties:184 - Using Application install path: C:\ST\STM32CubeIDE_1.17.0\STM32CubeIDE\plugins\com.st.stm32cube.common.mx_6.13.0.202411220809
2025-03-04 14:10:21,779 [INFO] DbMcusXml:78 - Set database path to: C:\ST\STM32CubeIDE_1.17.0\STM32CubeIDE\plugins\com.st.stm32cube.common.mx_6.13.0.202411220809\\db\/mcu/
2025-03-04 14:10:21,779 [INFO] ApiDb:274 - Set plugin database path to: C:\ST\STM32CubeIDE_1.17.0\STM32CubeIDE\plugins\com.st.stm32cube.common.mx_6.13.0.202411220809\\db\/plugins/boardmanager/
2025-03-04 14:10:21,780 [WARN] ApiDb:259 - Overriding images path with different value:  => C:\ST\STM32CubeIDE_1.17.0\STM32CubeIDE\plugins\com.st.stm32cube.common.mx_6.13.0.202411220809\\db\/plugins/mcufinder/images/
2025-03-04 14:10:21,793 [INFO] ApiDb:250 - Set database path to: C:\Users\141584\.stmcufinder\plugins\mcufinder//mcu/
2025-03-04 14:10:21,795 [INFO] DbMcusAds:125 - Set database path to: C:\Users\141584\.stmcufinder\plugins\mcufinder//mcu/
2025-03-04 14:10:21,800 [INFO] CrossReferenceDbSqlite:203 - Set database path to: C:\Users\141584\.stmcufinder\plugins\mcufinder//mcu/cs/
2025-03-04 14:10:21,974 [INFO] RulesReader:64 - Compatibility file has been processed (297 Rules)
2025-03-04 14:10:22,081 [INFO] DbMcusXml:78 - Set database path to: C:\ST\STM32CubeIDE_1.17.0\STM32CubeIDE\plugins\com.st.stm32cube.common.mx_6.13.0.202411220809\\db\/mcu/
2025-03-04 14:10:22,081 [INFO] ApiDb:274 - Set plugin database path to: C:\ST\STM32CubeIDE_1.17.0\STM32CubeIDE\plugins\com.st.stm32cube.common.mx_6.13.0.202411220809\\db\/plugins/boardmanager/
2025-03-04 14:10:22,081 [INFO] ApiDb:261 - Set plugin images path to: C:\ST\STM32CubeIDE_1.17.0\STM32CubeIDE\plugins\com.st.stm32cube.common.mx_6.13.0.202411220809\\db\/plugins/mcufinder/images/
2025-03-04 14:10:22,081 [WARN] DbFile:41 - Overriding database path with different value: C:\Users\141584\.stmcufinder\plugins\mcufinder/ => C:\Users\141584\.stmcufinder\plugins\mcufinder
2025-03-04 14:10:22,081 [INFO] ApiDb:250 - Set database path to: C:\Users\141584\.stmcufinder\plugins\mcufinder//mcu/
2025-03-04 14:10:22,082 [WARN] DbFile:41 - Overriding database path with different value: C:\Users\141584\.stmcufinder\plugins\mcufinder/ => C:\Users\141584\.stmcufinder\plugins\mcufinder
2025-03-04 14:10:22,082 [INFO] DbMcusAds:125 - Set database path to: C:\Users\141584\.stmcufinder\plugins\mcufinder//mcu/
2025-03-04 14:10:22,082 [WARN] DbFile:41 - Overriding database path with different value: C:\Users\141584\.stmcufinder\plugins\mcufinder/ => C:\Users\141584\.stmcufinder\plugins\mcufinder
2025-03-04 14:10:22,082 [WARN] DbFile:41 - Overriding database path with different value: C:\Users\141584\.stmcufinder\plugins\mcufinder/ => C:\Users\141584\.stmcufinder\plugins\mcufinder
2025-03-04 14:10:22,082 [INFO] CrossReferenceDbSqlite:203 - Set database path to: C:\Users\141584\.stmcufinder\plugins\mcufinder//mcu/cs/
2025-03-04 14:10:22,225 [INFO] MainPanel:272 - HeapMemory: 268435456
2025-03-04 14:10:22,385 [INFO] DbMcusXml:78 - Set database path to: C:\ST\STM32CubeIDE_1.17.0\STM32CubeIDE\plugins\com.st.stm32cube.common.mx_6.13.0.202411220809\\db\/mcu/
2025-03-04 14:10:22,385 [INFO] ApiDb:274 - Set plugin database path to: C:\ST\STM32CubeIDE_1.17.0\STM32CubeIDE\plugins\com.st.stm32cube.common.mx_6.13.0.202411220809\\db\/plugins/boardmanager/
2025-03-04 14:10:22,385 [INFO] ApiDb:261 - Set plugin images path to: C:\ST\STM32CubeIDE_1.17.0\STM32CubeIDE\plugins\com.st.stm32cube.common.mx_6.13.0.202411220809\\db\/plugins/mcufinder/images/
2025-03-04 14:10:22,387 [WARN] DbFile:41 - Overriding database path with different value: C:\Users\141584\.stmcufinder\plugins\mcufinder/ => C:\Users\141584\.stmcufinder\plugins\mcufinder
2025-03-04 14:10:22,387 [INFO] ApiDb:250 - Set database path to: C:\Users\141584\.stmcufinder\plugins\mcufinder//mcu/
2025-03-04 14:10:22,387 [WARN] DbFile:41 - Overriding database path with different value: C:\Users\141584\.stmcufinder\plugins\mcufinder/ => C:\Users\141584\.stmcufinder\plugins\mcufinder
2025-03-04 14:10:22,387 [INFO] DbMcusAds:125 - Set database path to: C:\Users\141584\.stmcufinder\plugins\mcufinder//mcu/
2025-03-04 14:10:22,388 [WARN] DbFile:41 - Overriding database path with different value: C:\Users\141584\.stmcufinder\plugins\mcufinder/ => C:\Users\141584\.stmcufinder\plugins\mcufinder
2025-03-04 14:10:22,388 [WARN] DbFile:41 - Overriding database path with different value: C:\Users\141584\.stmcufinder\plugins\mcufinder/ => C:\Users\141584\.stmcufinder\plugins\mcufinder
2025-03-04 14:10:22,388 [INFO] CrossReferenceDbSqlite:203 - Set database path to: C:\Users\141584\.stmcufinder\plugins\mcufinder//mcu/cs/
2025-03-04 14:10:22,415 [INFO] ApplicationProperties:184 - Using Application install path: C:\ST\STM32CubeIDE_1.17.0\STM32CubeIDE\plugins\com.st.stm32cube.common.mx_6.13.0.202411220809
2025-03-04 14:10:22,417 [INFO] PluginManage:196 - Search for loadable plugins [exclusion list=, ]
2025-03-04 14:10:22,420 [INFO] PluginManage:310 - Check plugin analytics
2025-03-04 14:10:22,662 [INFO] AnalyticsPlugin:253 - Accepted Software Licenses: 
2025-03-04 14:10:22,662 [INFO] AnalyticsPlugin:255 - Accepted CMSIS Pack Licenses: 
2025-03-04 14:10:22,663 [INFO] AnalyticsPlugin:257 - Accepted Firmware Licenses: 
2025-03-04 14:10:22,667 [INFO] PluginManage:359 - Loaded plugin analytics (category:tool,tabindex:-1)
2025-03-04 14:10:22,668 [INFO] PluginManage:310 - Check plugin cadmodel
2025-03-04 14:10:22,716 [INFO] CADModel:105 - Init CAD model plugin
2025-03-04 14:10:22,716 [INFO] PluginManage:359 - Loaded plugin cadmodel (category:power,tabindex:5)
2025-03-04 14:10:22,717 [INFO] PluginManage:310 - Check plugin clock
2025-03-04 14:10:22,766 [INFO] PluginManage:359 - Loaded plugin clock (category:base,tabindex:2)
2025-03-04 14:10:22,766 [INFO] PluginManage:310 - Check plugin ddr
2025-03-04 14:10:22,771 [INFO] PluginManage:359 - Loaded plugin ddr (category:tool,tabindex:6)
2025-03-04 14:10:22,772 [INFO] PluginManage:310 - Check plugin filemanager
2025-03-04 14:10:23,060 [INFO] PluginManage:359 - Loaded plugin filemanager (category:base,tabindex:10)
2025-03-04 14:10:23,060 [INFO] PluginManage:310 - Check plugin ipmanager
2025-03-04 14:10:23,071 [INFO] PluginManage:359 - Loaded plugin ipmanager (category:base,tabindex:5)
2025-03-04 14:10:23,071 [INFO] PluginManage:310 - Check plugin lpbam
2025-03-04 14:10:23,084 [ERROR] ConfigurationRetriever:142 - IOException on connection: Read timed out
2025-03-04 14:10:23,098 [INFO] PluginManage:359 - Loaded plugin lpbam (category:base,tabindex:0)
2025-03-04 14:10:23,098 [INFO] PluginManage:310 - Check plugin memorymap
2025-03-04 14:10:23,139 [INFO] PluginManage:359 - Loaded plugin memorymap (category:base,tabindex:4)
2025-03-04 14:10:23,139 [INFO] PluginManage:310 - Check plugin pinoutandconfiguration
2025-03-04 14:10:23,170 [INFO] PluginManage:359 - Loaded plugin pinoutandconfiguration (category:base,tabindex:1)
2025-03-04 14:10:23,170 [INFO] PluginManage:310 - Check plugin pinoutconfig
2025-03-04 14:10:23,320 [WARN] SupportedApi:132 - Cannot load RTOS API schema: s4s-elt-must-match.1: The content of 'definitions' must match (annotation?, (simpleType | complexType)?, (unique | key | keyref)*)). A problem was found starting at: attribute.
2025-03-04 14:10:23,561 [INFO] PluginManage:359 - Loaded plugin pinoutconfig (category:base,tabindex:0)
2025-03-04 14:10:23,561 [INFO] PluginManage:310 - Check plugin power
2025-03-04 14:10:23,599 [INFO] PluginManage:359 - Loaded plugin power (category:power,tabindex:4)
2025-03-04 14:10:23,599 [INFO] PluginManage:310 - Check plugin projectmanager
2025-03-04 14:10:23,629 [INFO] PluginManage:359 - Loaded plugin projectmanager (category:projectmanager,tabindex:4)
2025-03-04 14:10:23,629 [INFO] PluginManage:310 - Check plugin rif
2025-03-04 14:10:23,662 [INFO] PluginManage:359 - Loaded plugin rif (category:base,tabindex:3)
2025-03-04 14:10:23,663 [INFO] PluginManage:310 - Check plugin thirdparty
2025-03-04 14:10:24,184 [WARN] IntegrityCheckThread:84 - waiting for thirdparty lock release [integrity check]
2025-03-04 14:10:24,184 [INFO] IntegrityCheckThread:86 - entering critical section [integrity check]
2025-03-04 14:10:24,184 [INFO] PluginManage:359 - Loaded plugin thirdparty (category:base,tabindex:-1)
2025-03-04 14:10:24,185 [INFO] PluginManage:310 - Check plugin tools
2025-03-04 14:10:24,185 [INFO] ThirdPartyUpdaterWithRetryManager:70 - Updater plugin not ready yet. [1/15]
2025-03-04 14:10:24,265 [INFO] PluginManage:359 - Loaded plugin tools (category:base,tabindex:7)
2025-03-04 14:10:24,265 [INFO] PluginManage:310 - Check plugin tutovideos
2025-03-04 14:10:24,580 [INFO] PluginManage:359 - Loaded plugin tutovideos (category:base,tabindex:-1)
2025-03-04 14:10:24,580 [INFO] PluginManage:310 - Check plugin updater
2025-03-04 14:10:24,604 [INFO] PluginManage:359 - Loaded plugin updater (category:base,tabindex:12)
2025-03-04 14:10:24,604 [INFO] PluginManage:310 - Check plugin userauth
2025-03-04 14:10:24,609 [INFO] UserAuth:118 - Init User Auth plugin
2025-03-04 14:10:24,610 [INFO] PluginManage:359 - Loaded plugin userauth (category:base,tabindex:14)
2025-03-04 14:10:24,610 [INFO] PluginManage:283 - PluginManage : Loaded plugins [18]
2025-03-04 14:10:25,004 [INFO] PinOutPanel:1589 - setPackage(No Configuration,No Configuration)
2025-03-04 14:10:25,115 [ERROR] ConfigurationRetriever:142 - IOException on connection: Read timed out
2025-03-04 14:10:25,169 [INFO] CADModel:165 - CPN selected for project level
2025-03-04 14:10:25,172 [INFO] CADModel:114 - Register for checkConnection events
2025-03-04 14:10:25,229 [INFO] IPUIPlugin:80 - create IPUIPlugin
2025-03-04 14:10:25,229 [INFO] PluginManager:220 - loadIPPluginJar : add adc
2025-03-04 14:10:25,330 [INFO] IPUIPlugin:80 - create IPUIPlugin
2025-03-04 14:10:25,330 [INFO] PluginManager:220 - loadIPPluginJar : add aes
2025-03-04 14:10:25,441 [INFO] IPUIPlugin:80 - create IPUIPlugin
2025-03-04 14:10:25,442 [INFO] PluginManager:220 - loadIPPluginJar : add can
2025-03-04 14:10:25,501 [INFO] IPUIPlugin:80 - create IPUIPlugin
2025-03-04 14:10:25,501 [INFO] PluginManager:220 - loadIPPluginJar : add comp
2025-03-04 14:10:25,598 [INFO] IPUIPlugin:80 - create IPUIPlugin
2025-03-04 14:10:25,599 [INFO] PluginManager:220 - loadIPPluginJar : add cryp
2025-03-04 14:10:25,640 [INFO] IPUIPlugin:80 - create IPUIPlugin
2025-03-04 14:10:25,641 [INFO] PluginManager:220 - loadIPPluginJar : add ddr_ctrl_phy
2025-03-04 14:10:25,775 [INFO] IPUIPlugin:80 - create IPUIPlugin
2025-03-04 14:10:25,775 [INFO] PluginManager:220 - loadIPPluginJar : add dfsdm
2025-03-04 14:10:25,808 [INFO] IPUIPlugin:80 - create IPUIPlugin
2025-03-04 14:10:25,809 [INFO] PluginManager:220 - loadIPPluginJar : add dma
2025-03-04 14:10:25,966 [INFO] IPUIPlugin:80 - create IPUIPlugin
2025-03-04 14:10:25,966 [INFO] PluginManager:220 - loadIPPluginJar : add dma3
2025-03-04 14:10:26,138 [INFO] IPUIPlugin:80 - create IPUIPlugin
2025-03-04 14:10:26,138 [INFO] PluginManager:220 - loadIPPluginJar : add extmemmanager
2025-03-04 14:10:26,231 [INFO] IPUIPlugin:80 - create IPUIPlugin
2025-03-04 14:10:26,232 [INFO] PluginManager:220 - loadIPPluginJar : add fatfs
2025-03-04 14:10:26,444 [INFO] IPUIPlugin:80 - create IPUIPlugin
2025-03-04 14:10:26,445 [INFO] PluginManager:220 - loadIPPluginJar : add fmc
2025-03-04 14:10:26,494 [INFO] IPUIPlugin:80 - create IPUIPlugin
2025-03-04 14:10:26,495 [INFO] PluginManager:220 - loadIPPluginJar : add freertos
2025-03-04 14:10:26,573 [INFO] IPUIPlugin:80 - create IPUIPlugin
2025-03-04 14:10:26,573 [INFO] PluginManager:220 - loadIPPluginJar : add genericplugin
2025-03-04 14:10:26,925 [INFO] IPUIPlugin:80 - create IPUIPlugin
2025-03-04 14:10:26,926 [INFO] PluginManager:220 - loadIPPluginJar : add gfxmmu
2025-03-04 14:10:27,186 [INFO] ThirdPartyUpdaterWithRetryManager:70 - Updater plugin not ready yet. [2/15]
2025-03-04 14:10:27,395 [INFO] IPUIPlugin:80 - create IPUIPlugin
2025-03-04 14:10:27,396 [INFO] PluginManager:220 - loadIPPluginJar : add gic
2025-03-04 14:10:27,420 [INFO] IPUIPlugin:80 - create IPUIPlugin
2025-03-04 14:10:27,421 [INFO] PluginManager:220 - loadIPPluginJar : add gpio
2025-03-04 14:10:27,699 [ERROR] ConfigurationRetriever:142 - IOException on connection: Read timed out
2025-03-04 14:10:27,713 [INFO] IPUIPlugin:80 - create IPUIPlugin
2025-03-04 14:10:27,713 [INFO] PluginManager:220 - loadIPPluginJar : add gtzc
2025-03-04 14:10:27,832 [INFO] IPUIPlugin:80 - create IPUIPlugin
2025-03-04 14:10:27,832 [INFO] PluginManager:220 - loadIPPluginJar : add hash
2025-03-04 14:10:28,010 [INFO] IPUIPlugin:80 - create IPUIPlugin
2025-03-04 14:10:28,010 [INFO] PluginManager:220 - loadIPPluginJar : add i2c
2025-03-04 14:10:28,127 [INFO] IPUIPlugin:80 - create IPUIPlugin
2025-03-04 14:10:28,128 [INFO] PluginManager:220 - loadIPPluginJar : add i2s
2025-03-04 14:10:28,276 [INFO] IPUIPlugin:80 - create IPUIPlugin
2025-03-04 14:10:28,277 [INFO] PluginManager:220 - loadIPPluginJar : add i3c
2025-03-04 14:10:28,641 [INFO] IPUIPlugin:80 - create IPUIPlugin
2025-03-04 14:10:28,642 [INFO] PluginManager:220 - loadIPPluginJar : add ipddr
2025-03-04 14:10:28,990 [INFO] IPUIPlugin:80 - create IPUIPlugin
2025-03-04 14:10:28,991 [INFO] PluginManager:220 - loadIPPluginJar : add linkedlist
2025-03-04 14:10:29,117 [INFO] IPUIPlugin:80 - create IPUIPlugin
2025-03-04 14:10:29,117 [INFO] PluginManager:220 - loadIPPluginJar : add lorawan
2025-03-04 14:10:29,240 [INFO] IPUIPlugin:80 - create IPUIPlugin
2025-03-04 14:10:29,240 [INFO] PluginManager:220 - loadIPPluginJar : add ltdc
2025-03-04 14:10:29,282 [INFO] IPUIPlugin:80 - create IPUIPlugin
2025-03-04 14:10:29,282 [INFO] PluginManager:220 - loadIPPluginJar : add mdma
2025-03-04 14:10:29,319 [INFO] IPUIPlugin:80 - create IPUIPlugin
2025-03-04 14:10:29,319 [INFO] PluginManager:220 - loadIPPluginJar : add nvic
2025-03-04 14:10:29,436 [INFO] IPUIPlugin:80 - create IPUIPlugin
2025-03-04 14:10:29,436 [INFO] PluginManager:220 - loadIPPluginJar : add opamp
2025-03-04 14:10:29,620 [INFO] IPUIPlugin:80 - create IPUIPlugin
2025-03-04 14:10:29,620 [INFO] PluginManager:220 - loadIPPluginJar : add openamp
2025-03-04 14:10:29,769 [INFO] IPUIPlugin:80 - create IPUIPlugin
2025-03-04 14:10:29,769 [INFO] PluginManager:220 - loadIPPluginJar : add pdm2pcm
2025-03-04 14:10:29,804 [INFO] IPUIPlugin:80 - create IPUIPlugin
2025-03-04 14:10:29,809 [INFO] PluginManager:220 - loadIPPluginJar : add plateformsettings
2025-03-04 14:10:29,899 [INFO] IPUIPlugin:80 - create IPUIPlugin
2025-03-04 14:10:29,899 [INFO] PluginManager:220 - loadIPPluginJar : add quadspi
2025-03-04 14:10:30,017 [INFO] IPUIPlugin:80 - create IPUIPlugin
2025-03-04 14:10:30,018 [INFO] PluginManager:220 - loadIPPluginJar : add radio
2025-03-04 14:10:30,053 [INFO] IPUIPlugin:80 - create IPUIPlugin
2025-03-04 14:10:30,053 [INFO] PluginManager:220 - loadIPPluginJar : add resmgrutility
2025-03-04 14:10:30,188 [INFO] ThirdPartyUpdaterWithRetryManager:70 - Updater plugin not ready yet. [3/15]
2025-03-04 14:10:30,215 [INFO] IPUIPlugin:80 - create IPUIPlugin
2025-03-04 14:10:30,215 [INFO] PluginManager:220 - loadIPPluginJar : add sai
2025-03-04 14:10:30,382 [INFO] IPUIPlugin:80 - create IPUIPlugin
2025-03-04 14:10:30,382 [INFO] PluginManager:220 - loadIPPluginJar : add spi
2025-03-04 14:10:30,638 [INFO] IPUIPlugin:80 - create IPUIPlugin
2025-03-04 14:10:30,639 [INFO] PluginManager:220 - loadIPPluginJar : add stm32_wpan
2025-03-04 14:10:30,736 [INFO] IPUIPlugin:80 - create IPUIPlugin
2025-03-04 14:10:30,736 [INFO] PluginManager:220 - loadIPPluginJar : add tim
2025-03-04 14:10:30,983 [INFO] IPUIPlugin:80 - create IPUIPlugin
2025-03-04 14:10:30,983 [INFO] PluginManager:220 - loadIPPluginJar : add touchsensing
2025-03-04 14:10:31,084 [INFO] IPUIPlugin:80 - create IPUIPlugin
2025-03-04 14:10:31,084 [INFO] PluginManager:220 - loadIPPluginJar : add tracer_emb
2025-03-04 14:10:31,173 [INFO] IPUIPlugin:80 - create IPUIPlugin
2025-03-04 14:10:31,173 [INFO] PluginManager:220 - loadIPPluginJar : add ts
2025-03-04 14:10:31,262 [INFO] IPUIPlugin:80 - create IPUIPlugin
2025-03-04 14:10:31,262 [INFO] PluginManager:220 - loadIPPluginJar : add tsc
2025-03-04 14:10:31,349 [INFO] IPUIPlugin:80 - create IPUIPlugin
2025-03-04 14:10:31,349 [INFO] PluginManager:220 - loadIPPluginJar : add ucpd
2025-03-04 14:10:31,548 [INFO] IPUIPlugin:80 - create IPUIPlugin
2025-03-04 14:10:31,548 [INFO] PluginManager:220 - loadIPPluginJar : add usart
2025-03-04 14:10:31,692 [INFO] IPUIPlugin:80 - create IPUIPlugin
2025-03-04 14:10:31,693 [INFO] PluginManager:220 - loadIPPluginJar : add usbx
2025-03-04 14:10:31,945 [FATAL] Updater:351 - Updater called before beeing initialized
2025-03-04 14:10:32,033 [INFO] RulesReader:64 - Compatibility file has been processed (297 Rules)
2025-03-04 14:10:32,068 [INFO] RulesReader:64 - Compatibility file has been processed (297 Rules)
2025-03-04 14:10:32,085 [INFO] CADModel:165 - CPN selected for project level
2025-03-04 14:10:32,085 [INFO] CADModel:114 - Register for checkConnection events
2025-03-04 14:10:32,086 [FATAL] Updater:351 - Updater called before beeing initialized
2025-03-04 14:10:32,086 [ERROR] CADModel:125 - Updater not yet initialized, retry later 
2025-03-04 14:10:32,530 [FATAL] Updater:351 - Updater called before beeing initialized
2025-03-04 14:10:32,536 [INFO] CADModel:165 - CPN selected for project level
2025-03-04 14:10:32,536 [INFO] CADModel:114 - Register for checkConnection events
2025-03-04 14:10:32,536 [FATAL] Updater:351 - Updater called before beeing initialized
2025-03-04 14:10:32,537 [ERROR] CADModel:125 - Updater not yet initialized, retry later 
2025-03-04 14:10:32,545 [FATAL] Updater:351 - Updater called before beeing initialized
2025-03-04 14:10:32,560 [ERROR] ConfigurationRetriever:142 - IOException on connection: Connection reset
2025-03-04 14:10:32,809 [FATAL] Updater:351 - Updater called before beeing initialized
2025-03-04 14:10:32,835 [INFO] DbMcusAds:53 - JSON generation date=Tue Dec 17 21:31:15 IST 2024 (1734451275111)
2025-03-04 14:10:32,835 [FATAL] Updater:351 - Updater called before beeing initialized
2025-03-04 14:10:32,934 [WARN] DetailPanel:346 - Failed to get advertising image, set to default
2025-03-04 14:10:33,190 [INFO] ThirdPartyUpdaterWithRetryManager:70 - Updater plugin not ready yet. [4/15]
2025-03-04 14:10:33,576 [FATAL] Updater:351 - Updater called before beeing initialized
2025-03-04 14:10:33,580 [FATAL] Updater:351 - Updater called before beeing initialized
2025-03-04 14:10:33,580 [FATAL] Updater:351 - Updater called before beeing initialized
2025-03-04 14:10:33,580 [WARN] DetailPanel:346 - Failed to get advertising image, set to default
2025-03-04 14:10:33,583 [FATAL] Updater:351 - Updater called before beeing initialized
2025-03-04 14:10:33,744 [ERROR] Updater:1198 - MainUpdater not yet initialized. External WinMGr cannot be set.
2025-03-04 14:10:33,770 [INFO] Updater:1134 - Updater Version found : 6.13.0
2025-03-04 14:10:33,803 [INFO] ApplicationProperties:184 - Using Application install path: C:\ST\STM32CubeIDE_1.17.0\STM32CubeIDE\plugins\com.st.stm32cube.common.mx_6.13.0.202411220809
2025-03-04 14:10:35,439 [ERROR] LogOutputStream:75 - [STDERR_REDIRECT] Mar 04, 2025 2:10:35 PM java.util.prefs.WindowsPreferences <init>
2025-03-04 14:10:35,446 [ERROR] LogOutputStream:75 - [STDERR_REDIRECT] WARNING: Could not open/create prefs root node Software\JavaSoft\Prefs at root 0xffffffff80000002. Windows RegCreateKeyEx(...) returned error code 5.
2025-03-04 14:10:35,447 [ERROR] LogOutputStream:75 - [STDERR_REDIRECT] 
2025-03-04 14:10:36,191 [FATAL] Updater:351 - Updater called before beeing initialized
2025-03-04 14:10:36,191 [ERROR] IntegrityCheckThread:130 - Cannot retrieve database content from updater: error 21
2025-03-04 14:10:36,191 [INFO] ThirdParty:978 - Integrity check success = false
2025-03-04 14:10:36,193 [INFO] IntegrityCheckThread:100 - exiting critical section [integrity check]
2025-03-04 14:10:36,193 [INFO] IntegrityCheckThread:103 - End integrity checks thread
2025-03-04 14:10:36,326 [INFO] MainUpdater:2872 - connection check result : 10
2025-03-04 14:10:36,328 [INFO] MainUpdater:289 - Updater Check For Update Now.
2025-03-04 14:10:36,329 [INFO] MicroXplorer:498 - Change Database Version : DB.6.0.130
2025-03-04 14:10:36,389 [INFO] McuFinderGlobals:63 - Set McuFinder mode to 2 (CubeIDE integrated)
2025-03-04 14:10:36,390 [INFO] UserAuth:171 - activating auth plugin
2025-03-04 14:10:36,397 [INFO] UserAuth:486 - Internet connection configuration mode: 1
2025-03-04 14:10:36,477 [INFO] JxBrowserEngine:152 - Initiate JxBrowser Engine with user profile folder
2025-03-04 14:10:36,733 [INFO] CheckServerUpdateThread:120 - End of CheckServer Thread
2025-03-04 14:10:37,374 [ERROR] ConfigurationRetriever:142 - IOException on connection: Connection reset
2025-03-04 14:10:39,099 [INFO] WebApp:168 - Instantiating new browser for Auth
2025-03-04 14:10:40,759 [INFO] WebApp:449 - Apply proxy settings
2025-03-04 14:10:40,760 [INFO] WebApp:534 - Chromium requires no authentication
2025-03-04 14:10:40,786 [INFO] WebApp:477 - Direct internet connection detected
2025-03-04 14:10:40,860 [INFO] WebApp:880 - Register for checkConnection events
2025-03-04 14:10:40,861 [INFO] WebApp:449 - Apply proxy settings
2025-03-04 14:10:40,861 [INFO] WebApp:534 - Chromium requires no authentication
2025-03-04 14:10:40,862 [INFO] WebApp:477 - Direct internet connection detected
2025-03-04 14:10:41,303 [INFO] WebApp:221 - Starting web application
2025-03-04 14:10:41,303 [INFO] WebApp:579 - Web application path used C:\ST\STM32CubeIDE_1.17.0\STM32CubeIDE\plugins\com.st.stm32cube.common.mx_6.13.0.202411220809\db\plugins\mcufinder\reactClient1\index.html
2025-03-04 14:11:12,747 [INFO] WebApp:187 - Connection restablished
2025-03-04 14:11:43,443 [INFO] WebApp:190 - Connection lost
2025-03-04 14:12:41,349 [INFO] WebApp:187 - Connection restablished
2025-03-04 14:12:55,944 [INFO] WebApp:190 - Connection lost
2025-03-04 14:20:43,376 [INFO] WebApp:389 - JxBrowser engine has been closed 
